<?xml version="1.0" encoding="UTF-8"?>
<!-- Generated by org.testng.reporters.JUnitReportReporter -->
<testsuite hostname="Chinnuboss" failures="0" tests="1" name="com.vtiger.comcast.leadtest.CreateNewLeadByAssignTo" time="64.155" errors="0" timestamp="2021-08-21T18:54:09 IST" skipped="0">
  <testcase classname="com.vtiger.comcast.leadtest.CreateNewLeadByAssignTo" name="CreateNewLeadByAssignTo" time="64.155"/>
  <system-out/>
</testsuite> <!-- com.vtiger.comcast.leadtest.CreateNewLeadByAssignTo -->
