<?xml version="1.0" encoding="UTF-8"?>
<!-- Generated by org.testng.reporters.JUnitReportReporter -->
<testsuite hostname="Chinnuboss" failures="0" tests="3" name="practice.SampleTest1" time="0.012" errors="0" timestamp="2021-08-23T16:56:06 IST" skipped="0">
  <testcase classname="practice.SampleTest1" name="createLeadTest" time="0.002"/>
  <system-out/>
  <testcase classname="practice.SampleTest1" name="createLeadByAssignToTest" time="0.009"/>
  <system-out/>
  <testcase classname="practice.SampleTest1" name="createLeadByAnnualRevenue" time="0.001"/>
  <system-out/>
</testsuite> <!-- practice.SampleTest1 -->
