<?xml version="1.0" encoding="UTF-8"?>
<!-- Generated by org.testng.reporters.JUnitReportReporter -->
<testsuite hostname="Chinnuboss" failures="0" tests="1" name="com.vtiger.comcast.leadtest.TC_11_CreatNewLeadByValidAnnualRevenueTest" time="22.458" errors="0" timestamp="2021-08-23T10:21:14 IST" skipped="0">
  <testcase classname="com.vtiger.comcast.leadtest.TC_11_CreatNewLeadByValidAnnualRevenueTest" name="creatNewLeadByValidAnnualRevenueTest" time="22.458"/>
  <system-out/>
</testsuite> <!-- com.vtiger.comcast.leadtest.TC_11_CreatNewLeadByValidAnnualRevenueTest -->
