<?xml version="1.0" encoding="UTF-8"?>
<!-- Generated by org.testng.reporters.JUnitReportReporter -->
<testsuite hostname="Chinnuboss" failures="0" tests="3" name="practice.SampleTest2" time="0.015" errors="0" timestamp="2021-08-23T16:58:44 IST" skipped="0">
  <testcase classname="practice.SampleTest2" name="createLeadByAssignToTest" time="0.010"/>
  <system-out/>
  <testcase classname="practice.SampleTest2" name="createLeadByAnnualRevenue" time="0.002"/>
  <system-out/>
  <testcase classname="practice.SampleTest2" name="createLeadTest" time="0.003"/>
  <system-out/>
</testsuite> <!-- practice.SampleTest2 -->
