<?xml version="1.0" encoding="UTF-8"?>
<!-- Generated by org.testng.reporters.JUnitReportReporter -->
<testsuite skipped="0" hostname="Chinnuboss" name="com.vtiger.comcast.leadtest.ConvertLeadTest2" tests="1" failures="0" timestamp="2021-09-02T17:40:42 IST" time="25.329" errors="0">
  <testcase name="convertLeadBySelectingAllCheckboxTest" time="25.329" classname="com.vtiger.comcast.leadtest.ConvertLeadTest2"/>
  <system-out/>
</testsuite> <!-- com.vtiger.comcast.leadtest.ConvertLeadTest2 -->
