<?xml version="1.0" encoding="UTF-8"?>
<!-- Generated by org.testng.reporters.JUnitReportReporter -->
<testsuite hostname="Chinnuboss" failures="0" tests="1" name="com.vtiger.comcast.leadtest.TC_12_CreatNewLeadByInvalidAnnualRevenueTest" time="29.513" errors="0" timestamp="2021-08-23T10:21:14 IST" skipped="0">
  <testcase classname="com.vtiger.comcast.leadtest.TC_12_CreatNewLeadByInvalidAnnualRevenueTest" name="creatNewLeadByInvalidAnnualRevenueTest" time="29.513"/>
  <system-out/>
</testsuite> <!-- com.vtiger.comcast.leadtest.TC_12_CreatNewLeadByInvalidAnnualRevenueTest -->
