<?xml version="1.0" encoding="UTF-8"?>
<!-- Generated by org.testng.reporters.JUnitReportReporter -->
<testsuite hostname="Chinnuboss" failures="0" tests="1" name="practice.SampleTest3" time="11.603" errors="0" timestamp="2021-08-24T09:59:57 IST" skipped="0">
  <testcase classname="practice.SampleTest3" name="createLeadTest" time="11.603"/>
  <system-out/>
</testsuite> <!-- practice.SampleTest3 -->
