<?xml version="1.0" encoding="UTF-8"?>
<!-- Generated by org.testng.reporters.JUnitReportReporter -->
<testsuite hostname="Chinnuboss" failures="0" tests="1" name="com.vtiger.comcast.leadtest.TC_01_NavigateToLeadPageTest" time="0.013" errors="0" timestamp="2021-08-22T19:11:52 IST" skipped="0">
  <testcase classname="com.vtiger.comcast.leadtest.TC_01_NavigateToLeadPageTest" name="navigateToLeadPageTest" time="0.013"/>
  <system-out/>
</testsuite> <!-- com.vtiger.comcast.leadtest.TC_01_NavigateToLeadPageTest -->
