<?xml version="1.0" encoding="UTF-8"?>
<!-- Generated by org.testng.reporters.JUnitReportReporter -->
<testsuite hostname="Chinnuboss" failures="0" tests="3" name="com.vtiger.comcast.leadtest.TC_10_CreateNewLeadByAssignToTest" time="38.858" errors="0" timestamp="2021-08-23T15:23:48 IST" skipped="0">
  <testcase classname="com.vtiger.comcast.leadtest.TC_10_CreateNewLeadByAssignToTest" name="creatNewLeadByInvalidAnnualRevenueTest" time="11.605"/>
  <system-out/>
  <testcase classname="com.vtiger.comcast.leadtest.TC_10_CreateNewLeadByAssignToTest" name="creatNewLeadByValidAnnualRevenueTest" time="13.055"/>
  <system-out/>
  <testcase classname="com.vtiger.comcast.leadtest.TC_10_CreateNewLeadByAssignToTest" name="createNewLeadByAssignToTest" time="14.198"/>
  <system-out/>
</testsuite> <!-- com.vtiger.comcast.leadtest.TC_10_CreateNewLeadByAssignToTest -->
