<?xml version="1.0" encoding="UTF-8"?>
<!-- Generated by org.testng.reporters.JUnitReportReporter -->
<testsuite skipped="0" hostname="Chinnuboss" name="com.vtiger.comcast.leadtest.CreateNewLeadTest" tests="3" failures="0" timestamp="2021-08-31T19:28:33 IST" time="39.880" errors="0">
  <testcase name="creatNewLeadByInvalidAnnualRevenueTest" time="11.596" classname="com.vtiger.comcast.leadtest.CreateNewLeadTest"/>
  <system-out/>
  <testcase name="creatNewLeadByValidAnnualRevenueTest" time="14.527" classname="com.vtiger.comcast.leadtest.CreateNewLeadTest"/>
  <system-out/>
  <testcase name="createNewLeadByAssignToTest" time="13.757" classname="com.vtiger.comcast.leadtest.CreateNewLeadTest"/>
  <system-out/>
</testsuite> <!-- com.vtiger.comcast.leadtest.CreateNewLeadTest -->
