<?xml version="1.0" encoding="UTF-8"?>
<!-- Generated by org.testng.reporters.JUnitReportReporter -->
<testsuite hostname="Chinnuboss" failures="0" tests="7" name="com.vtiger.comcast.leadtest.ConvertLeadTest" time="314.254" errors="0" timestamp="2021-08-27T22:36:58 IST" skipped="1">
  <testcase classname="com.vtiger.comcast.leadtest.ConvertLeadTest" name="convertLeadBySelectingAllCheckboxTest" time="52.159"/>
  <system-out/>
  <testcase classname="com.vtiger.comcast.leadtest.ConvertLeadTest" name="convertLeadBySelectingOnlyOrgCheckboxTest" time="45.015"/>
  <system-out/>
  <testcase classname="com.vtiger.comcast.leadtest.ConvertLeadTest" name="convertLeadBySelectingOnlyOpportunityCheckboxTest" time="44.024"/>
  <system-out/>
  <testcase classname="com.vtiger.comcast.leadtest.ConvertLeadTest" name="convertLeadBySelectingAllCheckboxTest" time="55.271"/>
  <system-out/>
  <testcase classname="com.vtiger.comcast.leadtest.ConvertLeadTest" name="convertLeadBySelectingOnlyOpportunityCheckboxTest" time="46.750"/>
  <system-out/>
  <testcase classname="com.vtiger.comcast.leadtest.ConvertLeadTest" name="convertLeadBySelectingOnlyOrgCheckboxTest" time="38.947"/>
  <system-out/>
  <testcase classname="com.vtiger.comcast.leadtest.ConvertLeadTest" name="convertLeadBySelectingAllCheckboxTest" time="32.088">
    <skipped/>
  </testcase> <!-- convertLeadBySelectingAllCheckboxTest -->
  <system-out/>
</testsuite> <!-- com.vtiger.comcast.leadtest.ConvertLeadTest -->
