<?xml version="1.0" encoding="UTF-8"?>
<!-- Generated by org.testng.reporters.JUnitReportReporter -->
<testsuite hostname="Chinnuboss" failures="0" tests="2" name="com.vtiger.comcast.leadtest.TestNgTest" time="0.025" errors="0" timestamp="2021-08-19T17:50:21 IST" skipped="0">
  <testcase classname="com.vtiger.comcast.leadtest.TestNgTest" name="printStatement1" time="0.017"/>
  <system-out/>
  <testcase classname="com.vtiger.comcast.leadtest.TestNgTest" name="printStatement2" time="0.008"/>
  <system-out/>
</testsuite> <!-- com.vtiger.comcast.leadtest.TestNgTest -->
