<?xml version="1.0" encoding="UTF-8"?>
<!-- Generated by org.testng.reporters.JUnitReportReporter -->
<testsuite hostname="Chinnuboss" failures="0" tests="3" name="com.vtiger.comcast.leadtest.CreateNewLeadTest" time="68.105" errors="0" timestamp="2021-08-28T23:36:50 IST" skipped="0">
  <testcase classname="com.vtiger.comcast.leadtest.CreateNewLeadTest" name="creatNewLeadByInvalidAnnualRevenueTest" time="22.105"/>
  <system-out/>
  <testcase classname="com.vtiger.comcast.leadtest.CreateNewLeadTest" name="creatNewLeadByValidAnnualRevenueTest" time="22.661"/>
  <system-out/>
  <testcase classname="com.vtiger.comcast.leadtest.CreateNewLeadTest" name="createNewLeadByAssignToTest" time="23.339"/>
  <system-out/>
</testsuite> <!-- com.vtiger.comcast.leadtest.CreateNewLeadTest -->
