<?xml version="1.0" encoding="UTF-8"?>
<!-- Generated by org.testng.reporters.JUnitReportReporter -->
<testsuite hostname="Chinnuboss" failures="0" tests="3" name="com.vtiger.comcast.leadtest.ConvertLeadTest" time="139.353" errors="0" timestamp="2021-08-28T23:36:50 IST" skipped="0">
  <testcase classname="com.vtiger.comcast.leadtest.ConvertLeadTest" name="convertLeadBySelectingAllCheckboxTest" time="50.817"/>
  <system-out/>
  <testcase classname="com.vtiger.comcast.leadtest.ConvertLeadTest" name="convertLeadBySelectingOnlyOrgCheckboxTest" time="46.019"/>
  <system-out/>
  <testcase classname="com.vtiger.comcast.leadtest.ConvertLeadTest" name="convertLeadBySelectingOnlyOpportunityCheckboxTest" time="42.517"/>
  <system-out/>
</testsuite> <!-- com.vtiger.comcast.leadtest.ConvertLeadTest -->
