<?xml version="1.0" encoding="UTF-8"?>
<!-- Generated by org.testng.reporters.JUnitReportReporter -->
<testsuite hostname="Chinnuboss" failures="0" tests="3" name="com.vtiger.comcast.leadtest.CreateNewLeadTest" time="59.518" errors="0" timestamp="2021-08-30T00:24:27 IST" skipped="0">
  <testcase classname="com.vtiger.comcast.leadtest.CreateNewLeadTest" name="createNewLeadByAssignToTest" time="19.943"/>
  <system-out/>
  <testcase classname="com.vtiger.comcast.leadtest.CreateNewLeadTest" name="creatNewLeadByInvalidAnnualRevenueTest" time="17.595"/>
  <system-out/>
  <testcase classname="com.vtiger.comcast.leadtest.CreateNewLeadTest" name="creatNewLeadByValidAnnualRevenueTest" time="21.980"/>
  <system-out/>
</testsuite> <!-- com.vtiger.comcast.leadtest.CreateNewLeadTest -->
