<?xml version="1.0" encoding="UTF-8"?>
<!-- Generated by org.testng.reporters.JUnitReportReporter -->
<testsuite hostname="Chinnuboss" failures="0" tests="3" name="com.vtiger.comcast.leadtest.CreateNewLead" time="40.013" errors="0" timestamp="2021-08-23T15:36:33 IST" skipped="0">
  <testcase classname="com.vtiger.comcast.leadtest.CreateNewLead" name="creatNewLeadByInvalidAnnualRevenueTest" time="12.116"/>
  <system-out/>
  <testcase classname="com.vtiger.comcast.leadtest.CreateNewLead" name="creatNewLeadByValidAnnualRevenueTest" time="14.191"/>
  <system-out/>
  <testcase classname="com.vtiger.comcast.leadtest.CreateNewLead" name="createNewLeadByAssignToTest" time="13.706"/>
  <system-out/>
</testsuite> <!-- com.vtiger.comcast.leadtest.CreateNewLead -->
