<?xml version="1.0" encoding="UTF-8"?>
<!-- Generated by org.testng.reporters.JUnitReportReporter -->
<testsuite skipped="0" hostname="Chinnuboss" name="com.vtiger.comcast.leadtest.ConvertLeadTest" tests="3" failures="0" timestamp="2021-08-31T19:27:38 IST" time="115.802" errors="0">
  <testcase name="convertLeadBySelectingAllCheckboxTest" time="42.624" classname="com.vtiger.comcast.leadtest.ConvertLeadTest"/>
  <system-out/>
  <testcase name="convertLeadBySelectingOnlyOpportunityCheckboxTest" time="36.743" classname="com.vtiger.comcast.leadtest.ConvertLeadTest"/>
  <system-out/>
  <testcase name="convertLeadBySelectingOnlyOrgCheckboxTest" time="36.435" classname="com.vtiger.comcast.leadtest.ConvertLeadTest"/>
  <system-out/>
</testsuite> <!-- com.vtiger.comcast.leadtest.ConvertLeadTest -->
