<?xml version="1.0" encoding="UTF-8"?>
<!-- Generated by org.testng.reporters.JUnitReportReporter -->
<testsuite hostname="Chinnuboss" failures="0" tests="1" name="com.vtiger.comcast.leadtest.creatNewLeadByValidAnnualRevenue" time="17.049" errors="0" timestamp="2021-08-21T18:54:09 IST" skipped="0">
  <testcase classname="com.vtiger.comcast.leadtest.creatNewLeadByValidAnnualRevenue" name="creatNewLeadByValidAnnualRevenue" time="17.049"/>
  <system-out/>
</testsuite> <!-- com.vtiger.comcast.leadtest.creatNewLeadByValidAnnualRevenue -->
