<?xml version="1.0" encoding="UTF-8"?>
<!-- Generated by org.testng.reporters.JUnitReportReporter -->
<testsuite skipped="0" hostname="Chinnuboss" name="com.vtiger.comcast.leadtest.ConvertLeadTest" tests="1" failures="0" timestamp="2021-09-02T18:25:15 IST" time="31.478" errors="0">
  <testcase name="convertLeadBySelectingAllCheckboxTest" time="31.478" classname="com.vtiger.comcast.leadtest.ConvertLeadTest"/>
  <system-out/>
</testsuite> <!-- com.vtiger.comcast.leadtest.ConvertLeadTest -->
