<?xml version="1.0" encoding="UTF-8"?>
<!-- Generated by org.testng.reporters.JUnitReportReporter -->
<testsuite hostname="Chinnuboss" failures="0" tests="1" name="com.vtiger.comcast.leadtest.creatNewLeadByInvalidAnnualRevenue" time="14.695" errors="0" timestamp="2021-08-21T18:54:09 IST" skipped="0">
  <testcase classname="com.vtiger.comcast.leadtest.creatNewLeadByInvalidAnnualRevenue" name="creatNewLeadByInvalidAnnualRevenue" time="14.695"/>
  <system-out/>
</testsuite> <!-- com.vtiger.comcast.leadtest.creatNewLeadByInvalidAnnualRevenue -->
