<?xml version="1.0" encoding="UTF-8"?>
<!-- Generated by org.testng.reporters.JUnitReportReporter -->
<testsuite hostname="Chinnuboss" failures="0" tests="2" name="com.vtiger.comcast.organizationtest.OrganizationTest" time="14.047" errors="0" timestamp="2021-08-25T16:18:13 IST" skipped="0">
  <testcase classname="com.vtiger.comcast.organizationtest.OrganizationTest" name="homePageTitleTest" time="6.399"/>
  <system-out/>
  <testcase classname="com.vtiger.comcast.organizationtest.OrganizationTest" name="organizationPageTest" time="7.648"/>
  <system-out/>
</testsuite> <!-- com.vtiger.comcast.organizationtest.OrganizationTest -->
